Body:			<none>
HTTP/1.1 200 OK
	https://postman-echo.com/get
Proxy:			<none>
Request params:	<none>
Query params:	<none>
Form params:	<none>
Path params:	<none>
Headers:		Accept=*/*
Cookies:		<none>
Multiparts:		<none>
Body:			<none>
HTTP/1.1 200 OK
Date: Tue, 01 Aug 2023 14:07:07 GMT
Content-Type: application/json; charset=utf-8
Content-Length: 361
Connection: keep-alive
ETag: W/"169-OUNuDtk+cvL17+H3Lhhu6eEkHtk"
set-cookie: sails.sid=s%3A9vQpwttrHMCZFVXZZPyMrhhOjwFvtoPa.rvfCdVVhHnVVpjp0FwtXFv6WfcNp%2BROfLA3JlzYs%2FQA; Path=/; HttpOnly

{
    "args": {
        
    },
    "headers": {
        "x-forwarded-proto": "https",
        "x-forwarded-port": "443",
        "host": "postman-echo.com",
        "x-amzn-trace-id": "Root=1-64c9118b-19f89d393d02919e26d351f3",
        "accept": "*/*",
        "user-agent": "Apache-HttpClient/4.5.13 (Java/11.0.17)",
        "accept-encoding": "gzip,deflate"
    },
    "url": "https://postman-echo.com/get"
}
